app/build/outputs/logs/manifest-merger-debug-report.txt
-- Merging decision tree log ---
manifest
ADDED from src/main/AndroidManifest.xml:14:1-139:12
	package
		ADDED from src/main/AndroidManifest.xml:15:5-30
		INJECTED from src/main/AndroidManifest.xml
		INJECTED from src/main/AndroidManifest.xml
	android:versionName
		INJECTED from src/main/AndroidManifest.xml
		INJECTED from src/main/AndroidManifest.xml
	xmlns:android
		ADDED from src/main/AndroidManifest.xml:14:11-69
	android:versionCode
		INJECTED from src/main/AndroidManifest.xml
		INJECTED from src/main/AndroidManifest.xml
uses-permission#android.permission.INTERNET
ADDED from src/main/AndroidManifest.xml:17:5-67
MERGED from [com.google.android.gms:play-services-gcm:7.8.0] AndroidManifest.xml:22:5-67
	android:name
		ADDED from src/main/AndroidManifest.xml:17:22-64
uses-permission#android.permission.ACCESS_NETWORK_STATE
ADDED from src/main/AndroidManifest.xml:18:5-79
	android:name
		ADDED from src/main/AndroidManifest.xml:18:22-76
uses-permission#android.permission.ACCESS_WIFI_STATE
ADDED from src/main/AndroidManifest.xml:19:5-76
	android:name
		ADDED from src/main/AndroidManifest.xml:19:22-73
uses-feature#android.hardware.camera
ADDED from src/main/AndroidManifest.xml:20:5-83
	android:required
		ADDED from src/main/AndroidManifest.xml:20:58-81
	android:name
		ADDED from src/main/AndroidManifest.xml:20:19-57
uses-permission#android.permission.WAKE_LOCK
ADDED from src/main/AndroidManifest.xml:21:5-67
	android:name
		ADDED from src/main/AndroidManifest.xml:21:22-65
uses-permission#com.google.android.c2dm.permission.RECEIVE
ADDED from src/main/AndroidManifest.xml:22:5-82
MERGED from [com.google.android.gms:play-services-gcm:7.8.0] AndroidManifest.xml:21:5-82
	android:name
		ADDED from src/main/AndroidManifest.xml:22:22-79
permission#com.amazon.mysampleapp.permission.C2D_MESSAGE
ADDED from src/main/AndroidManifest.xml:23:5-24:47
	android:protectionLevel
		ADDED from src/main/AndroidManifest.xml:24:9-44
	android:name
		ADDED from src/main/AndroidManifest.xml:23:17-77
uses-permission#com.amazon.mysampleapp.permission.C2D_MESSAGE
ADDED from src/main/AndroidManifest.xml:25:5-85
	android:name
		ADDED from src/main/AndroidManifest.xml:25:22-82
uses-permission#android.permission.READ_EXTERNAL_STORAGE
ADDED from src/main/AndroidManifest.xml:26:5-80
	android:name
		ADDED from src/main/AndroidManifest.xml:26:22-77
uses-permission#android.permission.WRITE_EXTERNAL_STORAGE
ADDED from src/main/AndroidManifest.xml:27:5-28:38
	android:maxSdkVersion
		ADDED from src/main/AndroidManifest.xml:28:9-35
	android:name
		ADDED from src/main/AndroidManifest.xml:27:22-78
application
ADDED from src/main/AndroidManifest.xml:30:5-138:19
MERGED from [com.android.support:appcompat-v7:23.1.0] AndroidManifest.xml:22:5-20
MERGED from [com.android.support:support-v4:23.1.0] AndroidManifest.xml:22:5-20
MERGED from [com.android.support:support-v4:23.1.0] AndroidManifest.xml:22:5-20
MERGED from [com.google.android.gms:play-services-gcm:7.8.0] AndroidManifest.xml:24:5-20
MERGED from [com.google.android.gms:play-services-base:7.8.0] AndroidManifest.xml:20:5-24:19
MERGED from [com.android.support:support-v4:23.1.0] AndroidManifest.xml:22:5-20
MERGED from [com.facebook.android:facebook-android-sdk:4.6.0] AndroidManifest.xml:28:5-20
MERGED from [com.android.support:support-v4:23.1.0] AndroidManifest.xml:22:5-20
	android:label
		ADDED from src/main/AndroidManifest.xml:33:9-41
	android:allowBackup
		ADDED from src/main/AndroidManifest.xml:31:9-35
	android:icon
		ADDED from src/main/AndroidManifest.xml:32:9-43
	android:theme
		ADDED from src/main/AndroidManifest.xml:34:9-40
	android:name
		ADDED from src/main/AndroidManifest.xml:35:9-68
activity#com.mysampleapp.SplashActivity
ADDED from src/main/AndroidManifest.xml:37:9-45:20
	android:label
		ADDED from src/main/AndroidManifest.xml:39:13-45
	android:configChanges
		ADDED from src/main/AndroidManifest.xml:40:13-83
	android:name
		ADDED from src/main/AndroidManifest.xml:38:13-43
intent-filter#android.intent.action.MAIN+android.intent.category.LAUNCHER
ADDED from src/main/AndroidManifest.xml:41:13-44:29
action#android.intent.action.MAIN
ADDED from src/main/AndroidManifest.xml:42:17-69
	android:name
		ADDED from src/main/AndroidManifest.xml:42:25-66
category#android.intent.category.LAUNCHER
ADDED from src/main/AndroidManifest.xml:43:17-77
	android:name
		ADDED from src/main/AndroidManifest.xml:43:27-74
activity#com.mysampleapp.SignInActivity
ADDED from src/main/AndroidManifest.xml:46:9-51:20
	android:label
		ADDED from src/main/AndroidManifest.xml:48:13-59
	android:configChanges
		ADDED from src/main/AndroidManifest.xml:49:13-83
	android:name
		ADDED from src/main/AndroidManifest.xml:47:13-43
activity#com.mysampleapp.MainActivity
ADDED from src/main/AndroidManifest.xml:52:9-55:20
	android:label
		ADDED from src/main/AndroidManifest.xml:54:13-56
	android:name
		ADDED from src/main/AndroidManifest.xml:53:13-41
activity#com.mysampleapp.TeamActivity
ADDED from src/main/AndroidManifest.xml:56:9-59:20
	android:label
		ADDED from src/main/AndroidManifest.xml:58:13-56
	android:name
		ADDED from src/main/AndroidManifest.xml:57:13-41
service#com.amazonaws.mobileconnectors.s3.transferutility.TransferService
ADDED from src/main/AndroidManifest.xml:71:9-124
	android:enabled
		ADDED from src/main/AndroidManifest.xml:71:99-121
	android:name
		ADDED from src/main/AndroidManifest.xml:71:18-98
service#com.amazonaws.mobile.downloader.service.DownloadService
ADDED from src/main/AndroidManifest.xml:73:9-91
	android:name
		ADDED from src/main/AndroidManifest.xml:73:18-88
receiver#com.amazonaws.mobile.downloader.service.NetworkStateListener
ADDED from src/main/AndroidManifest.xml:75:9-81:20
	android:enabled
		ADDED from src/main/AndroidManifest.xml:77:19-42
	android:exported
		ADDED from src/main/AndroidManifest.xml:76:19-43
	android:name
		ADDED from src/main/AndroidManifest.xml:75:19-94
intent-filter#android.net.conn.CONNECTIVITY_CHANGE
ADDED from src/main/AndroidManifest.xml:78:13-80:29
action#android.net.conn.CONNECTIVITY_CHANGE
ADDED from src/main/AndroidManifest.xml:79:17-78
	android:name
		ADDED from src/main/AndroidManifest.xml:79:25-76
provider#com.amazonaws.mobile.downloader.query.DownloadQueueProvider
ADDED from src/main/AndroidManifest.xml:83:9-88:20
	android:authorities
		ADDED from src/main/AndroidManifest.xml:85:13-76
	android:enabled
		ADDED from src/main/AndroidManifest.xml:86:13-35
	android:exported
		ADDED from src/main/AndroidManifest.xml:87:13-37
	android:name
		ADDED from src/main/AndroidManifest.xml:84:6-80
provider#android.support.v4.content.FileProvider
ADDED from src/main/AndroidManifest.xml:90:9-98:20
	android:authorities
		ADDED from src/main/AndroidManifest.xml:92:13-74
	android:grantUriPermissions
		ADDED from src/main/AndroidManifest.xml:94:13-47
	android:exported
		ADDED from src/main/AndroidManifest.xml:93:13-37
	android:name
		ADDED from src/main/AndroidManifest.xml:91:13-67
meta-data#android.support.FILE_PROVIDER_PATHS
ADDED from src/main/AndroidManifest.xml:95:13-97:66
	android:resource
		ADDED from src/main/AndroidManifest.xml:97:17-63
	android:name
		ADDED from src/main/AndroidManifest.xml:96:17-67
activity#com.facebook.FacebookActivity
ADDED from src/main/AndroidManifest.xml:105:9-109:75
	android:label
		ADDED from src/main/AndroidManifest.xml:108:13-45
	android:configChanges
		ADDED from src/main/AndroidManifest.xml:107:13-96
	android:theme
		ADDED from src/main/AndroidManifest.xml:109:13-72
	android:name
		ADDED from src/main/AndroidManifest.xml:106:13-57
meta-data#com.facebook.sdk.ApplicationId
ADDED from src/main/AndroidManifest.xml:111:9-108
	android:value
		ADDED from src/main/AndroidManifest.xml:111:66-105
	android:name
		ADDED from src/main/AndroidManifest.xml:111:20-65
receiver#com.google.android.gms.gcm.GcmReceiver
ADDED from src/main/AndroidManifest.xml:118:9-126:20
	android:exported
		ADDED from src/main/AndroidManifest.xml:120:13-36
	android:permission
		ADDED from src/main/AndroidManifest.xml:121:13-73
	android:name
		ADDED from src/main/AndroidManifest.xml:119:13-66
intent-filter#@string/google_cloud_messaging_package+com.google.android.c2dm.intent.RECEIVE
ADDED from src/main/AndroidManifest.xml:122:13-125:29
action#com.google.android.c2dm.intent.RECEIVE
ADDED from src/main/AndroidManifest.xml:123:17-81
	android:name
		ADDED from src/main/AndroidManifest.xml:123:25-78
category#@string/google_cloud_messaging_package
ADDED from src/main/AndroidManifest.xml:124:17-83
	android:name
		ADDED from src/main/AndroidManifest.xml:124:27-80
service#com.mysampleapp.demo.PushListenerService
ADDED from src/main/AndroidManifest.xml:128:9-134:19
	android:exported
		ADDED from src/main/AndroidManifest.xml:130:13-37
	android:name
		ADDED from src/main/AndroidManifest.xml:129:13-53
intent-filter#com.google.android.c2dm.intent.RECEIVE
ADDED from src/main/AndroidManifest.xml:131:13-133:29
uses-sdk
INJECTED from src/main/AndroidManifest.xml reason: use-sdk injection requested
MERGED from [com.android.support:multidex:1.0.1] AndroidManifest.xml:18:5-42
MERGED from [com.android.support:appcompat-v7:23.1.0] AndroidManifest.xml:20:5-43
MERGED from [com.android.support:support-v4:23.1.0] AndroidManifest.xml:20:5-43
MERGED from [com.android.support:support-v4:23.1.0] AndroidManifest.xml:20:5-43
MERGED from [com.google.android.gms:play-services-gcm:7.8.0] AndroidManifest.xml:18:5-42
MERGED from [com.google.android.gms:play-services-base:7.8.0] AndroidManifest.xml:18:5-42
MERGED from [com.android.support:support-v4:23.1.0] AndroidManifest.xml:20:5-43
MERGED from [com.facebook.android:facebook-android-sdk:4.6.0] AndroidManifest.xml:24:5-26:41
MERGED from [com.android.support:support-v4:23.1.0] AndroidManifest.xml:20:5-43
MERGED from [com.github.shell-software:fab:1.1.2] AndroidManifest.xml:25:5-27:41
MERGED from [com.github.shell-software:uitools:1.1.0] AndroidManifest.xml:25:5-27:41
MERGED from [com.github.shell-software:viewmover:1.1.0] AndroidManifest.xml:25:5-27:41
MERGED from [com.github.shell-software:uitools:1.1.0] AndroidManifest.xml:25:5-27:41
	android:targetSdkVersion
		INJECTED from src/main/AndroidManifest.xml
		INJECTED from src/main/AndroidManifest.xml
	android:minSdkVersion
		INJECTED from src/main/AndroidManifest.xml
		INJECTED from src/main/AndroidManifest.xml
meta-data#com.google.android.gms.version
ADDED from [com.google.android.gms:play-services-base:7.8.0] AndroidManifest.xml:21:9-23:69
	android:value
		ADDED from [com.google.android.gms:play-services-base:7.8.0] AndroidManifest.xml:23:13-66
	android:name
		ADDED from [com.google.android.gms:play-services-base:7.8.0] AndroidManifest.xml:22:13-58